

// ===================================================================
// new in version 1.2.3 :

* update to Pegasus' CIMOMINC path in setting.cmpi

* added three properties to OperatingSystem :
   - CodeSet
   - LanguageEdition
   - DefaultPageSize

* support for standalone build (RPM)

// ==================================================================
// new in version 1.2.4 :

* fixed algorithm to retrieve Version of Linux_OperatingSystem

* Processor instrumentation ported to GENERIC and X86_64 hardware 
  platform

* test script accepts userID and password

// ===================================================================
// new in version 1.3 :

* support for property list filter on EnumInstances and GetInstance

// ===================================================================
// new in version 1.4 :

* moved library dmiinfo from cmpi-smbios package to cmpi-base (needed
  for data gathering for Linux_BaseBoard)
* added class Linux_BaseBoard
* added association Linux_CSBaseBoard
* enabled Indication Interface for Linux_OperatingSystem (with no 
  functionality !)

// ===================================================================
// new in version 1.4.1 :

* implemented Indication support for Linux_OperatingSystem property
  OperationalStatus - default disabled by -DNOEVENTS
  -> see README.IDICATION for more information

// ===================================================================
// new in version 1.4.2 :

* fixed retrieval of LPARID on Power

// ===================================================================
// new in version 1.4.3 :

* bug# 1155823: fixed retrieval of OperatingSystem's 
  TotalVirtualMemorySize, FreeVirtualMemory, TotalVisibleMemorySize,
  FreePhysicalMemory, SizeStoredInPagingFiles and 
  FreeSpaceInPagingFiles for kernel 2.6
* bug# 1155834: fixed OperatingSystem's InstallDate for Fedora

// ===================================================================
